Thu Oct 23 15:09:24 BST 2014 {"Portfolio":[{"Symbol":"aapl","Amount":1.0},{"Symbol":"msft","Amount":1.0},{"Symbol":"f","Amount":1.0}]}
Thu Oct 23 15:09:34 BST 2014 {"Portfolio":[{"Symbol":"aapl","Amount":1.0},{"Symbol":"msft","Amount":1.0},{"Symbol":"f","Amount":1.0}]} 
Thu Oct 23 15:10:16 BST 2014 {"Portfolio":[{"Symbol":"aapl","Amount":0.521965308695},{"Symbol":"msft","Amount":1.21879424696},{"Symbol":"f","Amount":3.79246376812}]}
 
 
 
 
 
 
 
 
 
 
 
 
 
 
 
 
 
 
 
 
 
 
 
 
 
Fri Oct 24 11:00:00 BST 2014 {"Portfolio":[{"Symbol":"aapl","Amount":0.521965308695},{"Symbol":"msft","Amount":1.21885259319},{"Symbol":"f","Amount":3.79264532126}]}
Fri Oct 24 11:05:01 BST 2014 {"Portfolio":[{"Symbol":"aapl","Amount":0.521965308695},{"Symbol":"msft","Amount":1.21885259319},{"Symbol":"f","Amount":3.79264532126}]}
Fri Oct 24 11:40:02 BST 2014 {"Portfolio":[{"Symbol":"aapl","Amount":0.521965308695},{"Symbol":"msft","Amount":1.21885259319},{"Symbol":"f","Amount":3.79264532126}]}
Fri Oct 24 11:45:01 BST 2014 {"Portfolio":[{"Symbol":"aapl","Amount":0.521965308695},{"Symbol":"msft","Amount":1.21885259319},{"Symbol":"f","Amount":3.79264532126}]}
Fri Oct 24 11:50:01 BST 2014 {"Portfolio":[{"Symbol":"aapl","Amount":0.521965308695},{"Symbol":"msft","Amount":1.21885259319},{"Symbol":"f","Amount":3.79264532126}]}
Fri Oct 24 11:55:01 BST 2014 {"Portfolio":[{"Symbol":"aapl","Amount":0.521965308695},{"Symbol":"msft","Amount":1.21885259319},{"Symbol":"f","Amount":3.79264532126}]}
Fri Oct 24 12:00:01 BST 2014 {"Portfolio":[{"Symbol":"aapl","Amount":0.521965308695},{"Symbol":"msft","Amount":1.21885259319},{"Symbol":"f","Amount":3.79264532126}]}
Fri Oct 24 12:05:01 BST 2014 {"Portfolio":[{"Symbol":"aapl","Amount":0.521965308695},{"Symbol":"msft","Amount":1.21885259319},{"Symbol":"f","Amount":3.79264532126}]}
Fri Oct 24 12:10:36 BST 2014 {"Portfolio":[{"Symbol":"aapl","Amount":0.521965308695},{"Symbol":"msft","Amount":1.21885259319},{"Symbol":"f","Amount":3.79264532126}]}
Fri Oct 24 12:15:01 BST 2014 {"Portfolio":[{"Symbol":"aapl","Amount":0.521965308695},{"Symbol":"msft","Amount":1.21885259319},{"Symbol":"f","Amount":3.79264532126}]}
Fri Oct 24 12:20:01 BST 2014 {"Portfolio":[{"Symbol":"aapl","Amount":0.521965308695},{"Symbol":"msft","Amount":1.21885259319},{"Symbol":"f","Amount":3.79264532126}]}
Fri Oct 24 12:25:02 BST 2014 {"Portfolio":[{"Symbol":"aapl","Amount":0.521965308695},{"Symbol":"msft","Amount":1.21885259319},{"Symbol":"f","Amount":3.79264532126}]}
Fri Oct 24 12:30:02 BST 2014 {"Portfolio":[{"Symbol":"aapl","Amount":0.521965308695},{"Symbol":"msft","Amount":1.21885259319},{"Symbol":"f","Amount":3.79264532126}]}
Fri Oct 24 12:35:01 BST 2014 {"Portfolio":[{"Symbol":"aapl","Amount":0.521965308695},{"Symbol":"msft","Amount":1.21885259319},{"Symbol":"f","Amount":3.79264532126}]}
Fri Oct 24 12:40:02 BST 2014 {"Portfolio":[{"Symbol":"aapl","Amount":0.521965308695},{"Symbol":"msft","Amount":1.21885259319},{"Symbol":"f","Amount":3.79264532126}]}
Fri Oct 24 12:45:02 BST 2014 {"Portfolio":[{"Symbol":"aapl","Amount":0.521965308695},{"Symbol":"msft","Amount":1.21885259319},{"Symbol":"f","Amount":3.79264532126}]}
Fri Oct 24 12:50:01 BST 2014 {"Portfolio":[{"Symbol":"aapl","Amount":0.521965308695},{"Symbol":"msft","Amount":1.21885259319},{"Symbol":"f","Amount":3.79264532126}]}
Fri Oct 24 12:55:01 BST 2014 {"Portfolio":[{"Symbol":"aapl","Amount":0.521965308695},{"Symbol":"msft","Amount":1.21885259319},{"Symbol":"f","Amount":3.79264532126}]}
Fri Oct 24 13:00:02 BST 2014 {"Portfolio":[{"Symbol":"aapl","Amount":0.521965308695},{"Symbol":"msft","Amount":1.21885259319},{"Symbol":"f","Amount":3.79264532126}]}
Fri Oct 24 13:05:00 BST 2014 {"Portfolio":[{"Symbol":"aapl","Amount":0.521965308695},{"Symbol":"msft","Amount":1.21885259319},{"Symbol":"f","Amount":3.79264532126}]}
Fri Oct 24 13:10:00 BST 2014 {"Portfolio":[{"Symbol":"aapl","Amount":0.521965308695},{"Symbol":"msft","Amount":1.21885259319},{"Symbol":"f","Amount":3.79264532126}]}
Fri Oct 24 13:15:00 BST 2014 {"Portfolio":[{"Symbol":"aapl","Amount":0.521965308695},{"Symbol":"msft","Amount":1.21885259319},{"Symbol":"f","Amount":3.79264532126}]}
Fri Oct 24 13:20:02 BST 2014 {"Portfolio":[{"Symbol":"aapl","Amount":0.521965308695},{"Symbol":"msft","Amount":1.21885259319},{"Symbol":"f","Amount":3.79264532126}]}
Fri Oct 24 13:25:00 BST 2014 {"Portfolio":[{"Symbol":"aapl","Amount":0.521965308695},{"Symbol":"msft","Amount":1.21885259319},{"Symbol":"f","Amount":3.79264532126}]}
Fri Oct 24 13:30:01 BST 2014 {"Portfolio":[{"Symbol":"aapl","Amount":0.521965308695},{"Symbol":"msft","Amount":1.21885259319},{"Symbol":"f","Amount":3.79264532126}]}
Fri Oct 24 13:35:01 BST 2014 {"Portfolio":[{"Symbol":"aapl","Amount":0.521965308695},{"Symbol":"msft","Amount":1.21885259319},{"Symbol":"f","Amount":3.79264532126}]}
Fri Oct 24 13:40:01 BST 2014 {"Portfolio":[{"Symbol":"aapl","Amount":0.521965308695},{"Symbol":"msft","Amount":1.21885259319},{"Symbol":"f","Amount":3.79264532126}]}
Fri Oct 24 13:53:07 BST 2014 {"Portfolio":[{"Symbol":"aapl","Amount":0.521965308695},{"Symbol":"msft","Amount":1.21885259319},{"Symbol":"f","Amount":3.79264532126}]}
Fri Oct 24 14:10:01 BST 2014 {"Portfolio":[{"Symbol":"aapl","Amount":0.521965308695},{"Symbol":"msft","Amount":1.21885259319},{"Symbol":"f","Amount":3.79264532126}]}
Fri Oct 24 14:15:01 BST 2014 {"Portfolio":[{"Symbol":"aapl","Amount":0.521965308695},{"Symbol":"msft","Amount":1.21885259319},{"Symbol":"f","Amount":3.79264532126}]}
Fri Oct 24 14:20:01 BST 2014 {"Portfolio":[{"Symbol":"aapl","Amount":0.521965308695},{"Symbol":"msft","Amount":1.21885259319},{"Symbol":"f","Amount":3.79264532126}]}
Fri Oct 24 14:25:01 BST 2014 {"Portfolio":[{"Symbol":"aapl","Amount":0.521965308695},{"Symbol":"msft","Amount":1.21885259319},{"Symbol":"f","Amount":3.79264532126}]}
Fri Oct 24 14:30:01 BST 2014 {"Portfolio":[{"Symbol":"aapl","Amount":0.521965308695},{"Symbol":"msft","Amount":1.21885259319},{"Symbol":"f","Amount":3.79264532126}]}
Fri Oct 24 14:35:02 BST 2014 {"Portfolio":[{"Symbol":"aapl","Amount":0.521965308695},{"Symbol":"msft","Amount":1.21885259319},{"Symbol":"f","Amount":3.79264532126}]}
Fri Oct 24 14:40:01 BST 2014 {"Portfolio":[{"Symbol":"aapl","Amount":0.521965308695},{"Symbol":"msft","Amount":1.21885259319},{"Symbol":"f","Amount":3.79264532126}]}
Fri Oct 24 14:45:01 BST 2014 {"Portfolio":[{"Symbol":"aapl","Amount":0.521965308695},{"Symbol":"msft","Amount":1.21885259319},{"Symbol":"f","Amount":3.79264532126}]}
Fri Oct 24 14:50:01 BST 2014 {"Portfolio":[{"Symbol":"aapl","Amount":0.521965308695},{"Symbol":"msft","Amount":1.21885259319},{"Symbol":"f","Amount":3.79264532126}]}
Fri Oct 24 15:30:01 BST 2014 {"Portfolio":[{"Symbol":"aapl","Amount":0.521965308695},{"Symbol":"msft","Amount":1.21885259319},{"Symbol":"f","Amount":3.79264532126}]}
Fri Oct 24 15:35:00 BST 2014 {"Portfolio":[{"Symbol":"aapl","Amount":0.521965308695},{"Symbol":"msft","Amount":1.21885259319},{"Symbol":"f","Amount":3.79264532126}]}
Fri Oct 24 15:40:02 BST 2014 {"Portfolio":[{"Symbol":"aapl","Amount":0.521965308695},{"Symbol":"msft","Amount":1.21885259319},{"Symbol":"f","Amount":3.79264532126}]}
Fri Oct 24 15:45:00 BST 2014 {"Portfolio":[{"Symbol":"aapl","Amount":0.521965308695},{"Symbol":"msft","Amount":1.21885259319},{"Symbol":"f","Amount":3.79264532126}]}
Sat Oct 25 12:15:01 BST 2014 {"Portfolio":[{"Symbol":"aapl","Amount":0.521965308695},{"Symbol":"msft","Amount":1.21885259319},{"Symbol":"f","Amount":3.79264532126}]}
Sat Oct 25 12:20:01 BST 2014 {"Portfolio":[{"Symbol":"aapl","Amount":0.521965308695},{"Symbol":"msft","Amount":1.21885259319},{"Symbol":"f","Amount":3.79264532126}]}
Sat Oct 25 12:25:01 BST 2014 {"Portfolio":[{"Symbol":"aapl","Amount":0.521965308695},{"Symbol":"msft","Amount":1.21885259319},{"Symbol":"f","Amount":3.79264532126}]}
Sat Oct 25 12:30:00 BST 2014 {"Portfolio":[{"Symbol":"aapl","Amount":0.521965308695},{"Symbol":"msft","Amount":1.21885259319},{"Symbol":"f","Amount":3.79264532126}]}
Sat Oct 25 12:35:02 BST 2014 {"Portfolio":[{"Symbol":"aapl","Amount":0.521965308695},{"Symbol":"msft","Amount":1.21885259319},{"Symbol":"f","Amount":3.79264532126}]}
Sat Oct 25 12:40:01 BST 2014 {"Portfolio":[{"Symbol":"aapl","Amount":0.521965308695},{"Symbol":"msft","Amount":1.21885259319},{"Symbol":"f","Amount":3.79264532126}]}
Sat Oct 25 12:45:02 BST 2014 {"Portfolio":[{"Symbol":"aapl","Amount":0.521965308695},{"Symbol":"msft","Amount":1.21885259319},{"Symbol":"f","Amount":3.79264532126}]}
Sat Oct 25 12:50:01 BST 2014 {"Portfolio":[{"Symbol":"aapl","Amount":0.521965308695},{"Symbol":"msft","Amount":1.21885259319},{"Symbol":"f","Amount":3.79264532126}]}
Sat Oct 25 12:55:01 BST 2014 {"Portfolio":[{"Symbol":"aapl","Amount":0.521965308695},{"Symbol":"msft","Amount":1.21885259319},{"Symbol":"f","Amount":3.79264532126}]}
Sat Oct 25 13:00:01 BST 2014 {"Portfolio":[{"Symbol":"aapl","Amount":0.521965308695},{"Symbol":"msft","Amount":1.21885259319},{"Symbol":"f","Amount":3.79264532126}]}
Sat Oct 25 13:05:01 BST 2014 {"Portfolio":[{"Symbol":"aapl","Amount":0.521965308695},{"Symbol":"msft","Amount":1.21885259319},{"Symbol":"f","Amount":3.79264532126}]}
Sat Oct 25 13:10:01 BST 2014 {"Portfolio":[{"Symbol":"aapl","Amount":0.521965308695},{"Symbol":"msft","Amount":1.21885259319},{"Symbol":"f","Amount":3.79264532126}]}
Sat Oct 25 13:15:01 BST 2014 {"Portfolio":[{"Symbol":"aapl","Amount":0.521965308695},{"Symbol":"msft","Amount":1.21885259319},{"Symbol":"f","Amount":3.79264532126}]}
Sat Oct 25 13:23:09 BST 2014 {"Portfolio":[{"Symbol":"aapl","Amount":0.521965308695},{"Symbol":"msft","Amount":1.21885259319},{"Symbol":"f","Amount":3.79264532126}]}
Sat Oct 25 13:25:00 BST 2014 {"Portfolio":[{"Symbol":"aapl","Amount":0.521965308695},{"Symbol":"msft","Amount":1.21885259319},{"Symbol":"f","Amount":3.79264532126}]}
Sat Oct 25 13:30:01 BST 2014 {"Portfolio":[{"Symbol":"aapl","Amount":0.521965308695},{"Symbol":"msft","Amount":1.21885259319},{"Symbol":"f","Amount":3.79264532126}]}
Sat Oct 25 13:35:01 BST 2014 {"Portfolio":[{"Symbol":"aapl","Amount":0.521965308695},{"Symbol":"msft","Amount":1.21885259319},{"Symbol":"f","Amount":3.79264532126}]}
Sat Oct 25 13:40:01 BST 2014 {"Portfolio":[{"Symbol":"aapl","Amount":0.521965308695},{"Symbol":"msft","Amount":1.21885259319},{"Symbol":"f","Amount":3.79264532126}]}
Sat Oct 25 14:00:01 BST 2014 {"Portfolio":[{"Symbol":"aapl","Amount":0.521965308695},{"Symbol":"msft","Amount":1.21885259319},{"Symbol":"f","Amount":3.79264532126}]}
Sat Oct 25 14:05:01 BST 2014 {"Portfolio":[{"Symbol":"aapl","Amount":0.521965308695},{"Symbol":"msft","Amount":1.21885259319},{"Symbol":"f","Amount":3.79264532126}]}
Sat Oct 25 14:10:01 BST 2014 {"Portfolio":[{"Symbol":"aapl","Amount":0.521965308695},{"Symbol":"msft","Amount":1.21885259319},{"Symbol":"f","Amount":3.79264532126}]}
Sat Oct 25 14:15:03 BST 2014 {"Portfolio":[{"Symbol":"aapl","Amount":0.521965308695},{"Symbol":"msft","Amount":1.21885259319},{"Symbol":"f","Amount":3.79264532126}]}
Sat Oct 25 14:20:02 BST 2014 {"Portfolio":[{"Symbol":"aapl","Amount":0.521965308695},{"Symbol":"msft","Amount":1.21885259319},{"Symbol":"f","Amount":3.79264532126}]}
Sat Oct 25 14:25:00 BST 2014 {"Portfolio":[{"Symbol":"aapl","Amount":0.521965308695},{"Symbol":"msft","Amount":1.21885259319},{"Symbol":"f","Amount":3.79264532126}]}
Sat Oct 25 15:05:01 BST 2014 {"Portfolio":[{"Symbol":"aapl","Amount":0.521965308695},{"Symbol":"msft","Amount":1.21885259319},{"Symbol":"f","Amount":3.79264532126}]}
Sat Oct 25 15:10:01 BST 2014 {"Portfolio":[{"Symbol":"aapl","Amount":0.521965308695},{"Symbol":"msft","Amount":1.21885259319},{"Symbol":"f","Amount":3.79264532126}]}
Sat Oct 25 15:15:01 BST 2014 {"Portfolio":[{"Symbol":"aapl","Amount":0.521965308695},{"Symbol":"msft","Amount":1.21885259319},{"Symbol":"f","Amount":3.79264532126}]}
Sat Oct 25 15:20:03 BST 2014 {"Portfolio":[{"Symbol":"aapl","Amount":0.521965308695},{"Symbol":"msft","Amount":1.21885259319},{"Symbol":"f","Amount":3.79264532126}]}
Sat Oct 25 15:25:02 BST 2014 {"Portfolio":[{"Symbol":"aapl","Amount":0.521965308695},{"Symbol":"msft","Amount":1.21885259319},{"Symbol":"f","Amount":3.79264532126}]}
Sat Oct 25 15:30:01 BST 2014 {"Portfolio":[{"Symbol":"aapl","Amount":0.521965308695},{"Symbol":"msft","Amount":1.21885259319},{"Symbol":"f","Amount":3.79264532126}]}
Sat Oct 25 15:35:01 BST 2014 {"Portfolio":[{"Symbol":"aapl","Amount":0.521965308695},{"Symbol":"msft","Amount":1.21885259319},{"Symbol":"f","Amount":3.79264532126}]}
Sat Oct 25 15:40:01 BST 2014 {"Portfolio":[{"Symbol":"aapl","Amount":0.521965308695},{"Symbol":"msft","Amount":1.21885259319},{"Symbol":"f","Amount":3.79264532126}]}
Sat Oct 25 15:45:01 BST 2014 {"Portfolio":[{"Symbol":"aapl","Amount":0.521965308695},{"Symbol":"msft","Amount":1.21885259319},{"Symbol":"f","Amount":3.79264532126}]}
Sat Oct 25 15:50:01 BST 2014 {"Portfolio":[{"Symbol":"aapl","Amount":0.521965308695},{"Symbol":"msft","Amount":1.21885259319},{"Symbol":"f","Amount":3.79264532126}]}
Sat Oct 25 15:55:02 BST 2014 {"Portfolio":[{"Symbol":"aapl","Amount":0.521965308695},{"Symbol":"msft","Amount":1.21885259319},{"Symbol":"f","Amount":3.79264532126}]}
Sat Oct 25 16:00:00 BST 2014 {"Portfolio":[{"Symbol":"aapl","Amount":0.521965308695},{"Symbol":"msft","Amount":1.21885259319},{"Symbol":"f","Amount":3.79264532126}]}
Sat Oct 25 16:36:12 BST 2014 {"Portfolio":[{"Symbol":"aapl","Amount":0.521965308695},{"Symbol":"msft","Amount":1.21885259319},{"Symbol":"f","Amount":3.79264532126}]}
Sat Oct 25 16:40:01 BST 2014 {"Portfolio":[{"Symbol":"aapl","Amount":0.521965308695},{"Symbol":"msft","Amount":1.21885259319},{"Symbol":"f","Amount":3.79264532126}]}
Sat Oct 25 16:45:02 BST 2014 {"Portfolio":[{"Symbol":"aapl","Amount":0.521965308695},{"Symbol":"msft","Amount":1.21885259319},{"Symbol":"f","Amount":3.79264532126}]}
Sat Oct 25 16:50:01 BST 2014 {"Portfolio":[{"Symbol":"aapl","Amount":0.521965308695},{"Symbol":"msft","Amount":1.21885259319},{"Symbol":"f","Amount":3.79264532126}]}
Sat Oct 25 16:55:04 BST 2014 {"Portfolio":[{"Symbol":"aapl","Amount":0.521965308695},{"Symbol":"msft","Amount":1.21885259319},{"Symbol":"f","Amount":3.79264532126}]}
Sat Oct 25 17:00:04 BST 2014 {"Portfolio":[{"Symbol":"aapl","Amount":0.521965308695},{"Symbol":"msft","Amount":1.21885259319},{"Symbol":"f","Amount":3.79264532126}]}
Sat Oct 25 17:05:03 BST 2014 {"Portfolio":[{"Symbol":"aapl","Amount":0.521965308695},{"Symbol":"msft","Amount":1.21885259319},{"Symbol":"f","Amount":3.79264532126}]}
Sat Oct 25 17:10:01 BST 2014 {"Portfolio":[{"Symbol":"aapl","Amount":0.521965308695},{"Symbol":"msft","Amount":1.21885259319},{"Symbol":"f","Amount":3.79264532126}]}
Sat Oct 25 17:15:04 BST 2014 {"Portfolio":[{"Symbol":"aapl","Amount":0.521965308695},{"Symbol":"msft","Amount":1.21885259319},{"Symbol":"f","Amount":3.79264532126}]}
Sat Oct 25 17:20:00 BST 2014 {"Portfolio":[{"Symbol":"aapl","Amount":0.521965308695},{"Symbol":"msft","Amount":1.21885259319},{"Symbol":"f","Amount":3.79264532126}]}
Sat Oct 25 17:25:00 BST 2014 {"Portfolio":[{"Symbol":"aapl","Amount":0.521965308695},{"Symbol":"msft","Amount":1.21885259319},{"Symbol":"f","Amount":3.79264532126}]}
Sat Oct 25 17:30:00 BST 2014 {"Portfolio":[{"Symbol":"aapl","Amount":0.521965308695},{"Symbol":"msft","Amount":1.21885259319},{"Symbol":"f","Amount":3.79264532126}]}
Sat Oct 25 17:35:00 BST 2014 {"Portfolio":[{"Symbol":"aapl","Amount":0.521965308695},{"Symbol":"msft","Amount":1.21885259319},{"Symbol":"f","Amount":3.79264532126}]}
Sat Oct 25 17:40:00 BST 2014 {"Portfolio":[{"Symbol":"aapl","Amount":0.521965308695},{"Symbol":"msft","Amount":1.21885259319},{"Symbol":"f","Amount":3.79264532126}]}
Sat Oct 25 17:45:00 BST 2014 {"Portfolio":[{"Symbol":"aapl","Amount":0.521965308695},{"Symbol":"msft","Amount":1.21885259319},{"Symbol":"f","Amount":3.79264532126}]}
Sat Oct 25 17:50:00 BST 2014 {"Portfolio":[{"Symbol":"aapl","Amount":0.521965308695},{"Symbol":"msft","Amount":1.21885259319},{"Symbol":"f","Amount":3.79264532126}]}
Sat Oct 25 17:55:00 BST 2014 {"Portfolio":[{"Symbol":"aapl","Amount":0.521965308695},{"Symbol":"msft","Amount":1.21885259319},{"Symbol":"f","Amount":3.79264532126}]}
Sat Oct 25 18:00:00 BST 2014 {"Portfolio":[{"Symbol":"aapl","Amount":0.521965308695},{"Symbol":"msft","Amount":1.21885259319},{"Symbol":"f","Amount":3.79264532126}]}
Sat Oct 25 18:05:00 BST 2014 {"Portfolio":[{"Symbol":"aapl","Amount":0.521965308695},{"Symbol":"msft","Amount":1.21885259319},{"Symbol":"f","Amount":3.79264532126}]}
Sun Oct 26 01:00:01 GMT 2014 {"Portfolio":[{"Symbol":"aapl","Amount":0.521965308695},{"Symbol":"msft","Amount":1.21885259319},{"Symbol":"f","Amount":3.79264532126}]}
Sun Oct 26 01:05:00 GMT 2014 {"Portfolio":[{"Symbol":"aapl","Amount":0.521965308695},{"Symbol":"msft","Amount":1.21885259319},{"Symbol":"f","Amount":3.79264532126}]}
Sun Oct 26 01:10:01 GMT 2014 {"Portfolio":[{"Symbol":"aapl","Amount":0.521965308695},{"Symbol":"msft","Amount":1.21885259319},{"Symbol":"f","Amount":3.79264532126}]}
Sun Oct 26 01:15:00 GMT 2014 {"Portfolio":[{"Symbol":"aapl","Amount":0.521965308695},{"Symbol":"msft","Amount":1.21885259319},{"Symbol":"f","Amount":3.79264532126}]}
Sun Oct 26 01:20:01 GMT 2014 {"Portfolio":[{"Symbol":"aapl","Amount":0.521965308695},{"Symbol":"msft","Amount":1.21885259319},{"Symbol":"f","Amount":3.79264532126}]}
Sun Oct 26 01:25:01 GMT 2014 {"Portfolio":[{"Symbol":"aapl","Amount":0.521965308695},{"Symbol":"msft","Amount":1.21885259319},{"Symbol":"f","Amount":3.79264532126}]}
Sun Oct 26 01:30:02 GMT 2014 {"Portfolio":[{"Symbol":"aapl","Amount":0.521965308695},{"Symbol":"msft","Amount":1.21885259319},{"Symbol":"f","Amount":3.79264532126}]}
Sun Oct 26 01:35:01 GMT 2014 {"Portfolio":[{"Symbol":"aapl","Amount":0.521965308695},{"Symbol":"msft","Amount":1.21885259319},{"Symbol":"f","Amount":3.79264532126}]}
Sun Oct 26 01:40:01 GMT 2014 {"Portfolio":[{"Symbol":"aapl","Amount":0.521965308695},{"Symbol":"msft","Amount":1.21885259319},{"Symbol":"f","Amount":3.79264532126}]}
Sun Oct 26 01:45:00 GMT 2014 {"Portfolio":[{"Symbol":"aapl","Amount":0.521965308695},{"Symbol":"msft","Amount":1.21885259319},{"Symbol":"f","Amount":3.79264532126}]}
Sun Oct 26 01:50:01 GMT 2014 {"Portfolio":[{"Symbol":"aapl","Amount":0.521965308695},{"Symbol":"msft","Amount":1.21885259319},{"Symbol":"f","Amount":3.79264532126}]}
Sun Oct 26 01:55:00 GMT 2014 {"Portfolio":[{"Symbol":"aapl","Amount":0.521965308695},{"Symbol":"msft","Amount":1.21885259319},{"Symbol":"f","Amount":3.79264532126}]}
Sun Oct 26 02:00:00 GMT 2014 {"Portfolio":[{"Symbol":"aapl","Amount":0.521965308695},{"Symbol":"msft","Amount":1.21885259319},{"Symbol":"f","Amount":3.79264532126}]}
Sun Oct 26 02:05:01 GMT 2014 {"Portfolio":[{"Symbol":"aapl","Amount":0.521965308695},{"Symbol":"msft","Amount":1.21885259319},{"Symbol":"f","Amount":3.79264532126}]}
Sun Oct 26 02:10:01 GMT 2014 {"Portfolio":[{"Symbol":"aapl","Amount":0.521965308695},{"Symbol":"msft","Amount":1.21885259319},{"Symbol":"f","Amount":3.79264532126}]}
Sun Oct 26 02:15:01 GMT 2014 {"Portfolio":[{"Symbol":"aapl","Amount":0.521965308695},{"Symbol":"msft","Amount":1.21885259319},{"Symbol":"f","Amount":3.79264532126}]}
Sun Oct 26 02:20:02 GMT 2014 {"Portfolio":[{"Symbol":"aapl","Amount":0.521965308695},{"Symbol":"msft","Amount":1.21885259319},{"Symbol":"f","Amount":3.79264532126}]}
Sun Oct 26 02:25:01 GMT 2014 {"Portfolio":[{"Symbol":"aapl","Amount":0.521965308695},{"Symbol":"msft","Amount":1.21885259319},{"Symbol":"f","Amount":3.79264532126}]}
Sun Oct 26 02:30:01 GMT 2014 {"Portfolio":[{"Symbol":"aapl","Amount":0.521965308695},{"Symbol":"msft","Amount":1.21885259319},{"Symbol":"f","Amount":3.79264532126}]}
Sun Oct 26 02:35:01 GMT 2014 {"Portfolio":[{"Symbol":"aapl","Amount":0.521965308695},{"Symbol":"msft","Amount":1.21885259319},{"Symbol":"f","Amount":3.79264532126}]}
Sun Oct 26 02:40:01 GMT 2014 {"Portfolio":[{"Symbol":"aapl","Amount":0.521965308695},{"Symbol":"msft","Amount":1.21885259319},{"Symbol":"f","Amount":3.79264532126}]}
Sun Oct 26 02:45:01 GMT 2014 {"Portfolio":[{"Symbol":"aapl","Amount":0.521965308695},{"Symbol":"msft","Amount":1.21885259319},{"Symbol":"f","Amount":3.79264532126}]}
Sun Oct 26 02:50:03 GMT 2014 {"Portfolio":[{"Symbol":"aapl","Amount":0.521965308695},{"Symbol":"msft","Amount":1.21885259319},{"Symbol":"f","Amount":3.79264532126}]}
Sun Oct 26 02:55:01 GMT 2014 {"Portfolio":[{"Symbol":"aapl","Amount":0.521965308695},{"Symbol":"msft","Amount":1.21885259319},{"Symbol":"f","Amount":3.79264532126}]}
Sun Oct 26 03:00:01 GMT 2014 {"Portfolio":[{"Symbol":"aapl","Amount":0.521965308695},{"Symbol":"msft","Amount":1.21885259319},{"Symbol":"f","Amount":3.79264532126}]}
Sun Oct 26 03:05:01 GMT 2014 {"Portfolio":[{"Symbol":"aapl","Amount":0.521965308695},{"Symbol":"msft","Amount":1.21885259319},{"Symbol":"f","Amount":3.79264532126}]}
Sun Oct 26 03:10:01 GMT 2014 {"Portfolio":[{"Symbol":"aapl","Amount":0.521965308695},{"Symbol":"msft","Amount":1.21885259319},{"Symbol":"f","Amount":3.79264532126}]}
Sun Oct 26 03:15:01 GMT 2014 {"Portfolio":[{"Symbol":"aapl","Amount":0.521965308695},{"Symbol":"msft","Amount":1.21885259319},{"Symbol":"f","Amount":3.79264532126}]}
Sun Oct 26 03:20:01 GMT 2014 {"Portfolio":[{"Symbol":"aapl","Amount":0.521965308695},{"Symbol":"msft","Amount":1.21885259319},{"Symbol":"f","Amount":3.79264532126}]}
Sun Oct 26 03:25:02 GMT 2014 {"Portfolio":[{"Symbol":"aapl","Amount":0.521965308695},{"Symbol":"msft","Amount":1.21885259319},{"Symbol":"f","Amount":3.79264532126}]}
Sun Oct 26 03:30:02 GMT 2014 {"Portfolio":[{"Symbol":"aapl","Amount":0.521965308695},{"Symbol":"msft","Amount":1.21885259319},{"Symbol":"f","Amount":3.79264532126}]}
Sun Oct 26 03:35:00 GMT 2014 {"Portfolio":[{"Symbol":"aapl","Amount":0.521965308695},{"Symbol":"msft","Amount":1.21885259319},{"Symbol":"f","Amount":3.79264532126}]}
Sun Oct 26 03:40:01 GMT 2014 {"Portfolio":[{"Symbol":"aapl","Amount":0.521965308695},{"Symbol":"msft","Amount":1.21885259319},{"Symbol":"f","Amount":3.79264532126}]}
Sun Oct 26 03:45:00 GMT 2014 {"Portfolio":[{"Symbol":"aapl","Amount":0.521965308695},{"Symbol":"msft","Amount":1.21885259319},{"Symbol":"f","Amount":3.79264532126}]}
Sun Oct 26 03:50:02 GMT 2014 {"Portfolio":[{"Symbol":"aapl","Amount":0.521965308695},{"Symbol":"msft","Amount":1.21885259319},{"Symbol":"f","Amount":3.79264532126}]}
Sun Oct 26 03:55:01 GMT 2014 {"Portfolio":[{"Symbol":"aapl","Amount":0.521965308695},{"Symbol":"msft","Amount":1.21885259319},{"Symbol":"f","Amount":3.79264532126}]}
Sun Oct 26 09:50:02 GMT 2014 {"Portfolio":[{"Symbol":"aapl","Amount":0.521965308695},{"Symbol":"msft","Amount":1.21885259319},{"Symbol":"f","Amount":3.79264532126}]}
Sun Oct 26 13:35:02 GMT 2014 {"Portfolio":[{"Symbol":"aapl","Amount":0.521965308695},{"Symbol":"msft","Amount":1.21885259319},{"Symbol":"f","Amount":3.79264532126}]}
Sun Oct 26 13:40:01 GMT 2014 {"Portfolio":[{"Symbol":"aapl","Amount":0.521965308695},{"Symbol":"msft","Amount":1.21885259319},{"Symbol":"f","Amount":3.79264532126}]}
Sun Oct 26 13:45:01 GMT 2014 {"Portfolio":[{"Symbol":"aapl","Amount":0.521965308695},{"Symbol":"msft","Amount":1.21885259319},{"Symbol":"f","Amount":3.79264532126}]}
Sun Oct 26 13:50:01 GMT 2014 {"Portfolio":[{"Symbol":"aapl","Amount":0.521965308695},{"Symbol":"msft","Amount":1.21885259319},{"Symbol":"f","Amount":3.79264532126}]}
Sun Oct 26 13:55:02 GMT 2014 {"Portfolio":[{"Symbol":"aapl","Amount":0.521965308695},{"Symbol":"msft","Amount":1.21885259319},{"Symbol":"f","Amount":3.79264532126}]}
Sun Oct 26 14:00:01 GMT 2014 {"Portfolio":[{"Symbol":"aapl","Amount":0.521965308695},{"Symbol":"msft","Amount":1.21885259319},{"Symbol":"f","Amount":3.79264532126}]}
Sun Oct 26 14:05:01 GMT 2014 {"Portfolio":[{"Symbol":"aapl","Amount":0.521965308695},{"Symbol":"msft","Amount":1.21885259319},{"Symbol":"f","Amount":3.79264532126}]}
Sun Oct 26 14:10:01 GMT 2014 {"Portfolio":[{"Symbol":"aapl","Amount":0.521965308695},{"Symbol":"msft","Amount":1.21885259319},{"Symbol":"f","Amount":3.79264532126}]}
Sun Oct 26 14:15:01 GMT 2014 {"Portfolio":[{"Symbol":"aapl","Amount":0.521965308695},{"Symbol":"msft","Amount":1.21885259319},{"Symbol":"f","Amount":3.79264532126}]}
Sun Oct 26 14:20:00 GMT 2014 {"Portfolio":[{"Symbol":"aapl","Amount":0.521965308695},{"Symbol":"msft","Amount":1.21885259319},{"Symbol":"f","Amount":3.79264532126}]}
Sun Oct 26 14:25:01 GMT 2014 {"Portfolio":[{"Symbol":"aapl","Amount":0.521965308695},{"Symbol":"msft","Amount":1.21885259319},{"Symbol":"f","Amount":3.79264532126}]}
Sun Oct 26 14:30:00 GMT 2014 {"Portfolio":[{"Symbol":"aapl","Amount":0.521965308695},{"Symbol":"msft","Amount":1.21885259319},{"Symbol":"f","Amount":3.79264532126}]}
Sun Oct 26 14:35:17 GMT 2014 {"Portfolio":[{"Symbol":"aapl","Amount":0.521965308695},{"Symbol":"msft","Amount":1.21885259319},{"Symbol":"f","Amount":3.79264532126}]}
Sun Oct 26 14:40:02 GMT 2014 {"Portfolio":[{"Symbol":"aapl","Amount":0.521965308695},{"Symbol":"msft","Amount":1.21885259319},{"Symbol":"f","Amount":3.79264532126}]}
Sun Oct 26 14:45:01 GMT 2014 {"Portfolio":[{"Symbol":"aapl","Amount":0.521965308695},{"Symbol":"msft","Amount":1.21885259319},{"Symbol":"f","Amount":3.79264532126}]}
Sun Oct 26 14:50:02 GMT 2014 {"Portfolio":[{"Symbol":"aapl","Amount":0.521965308695},{"Symbol":"msft","Amount":1.21885259319},{"Symbol":"f","Amount":3.79264532126}]}
Sun Oct 26 14:55:01 GMT 2014 {"Portfolio":[{"Symbol":"aapl","Amount":0.521965308695},{"Symbol":"msft","Amount":1.21885259319},{"Symbol":"f","Amount":3.79264532126}]}
Sun Oct 26 15:00:02 GMT 2014 {"Portfolio":[{"Symbol":"aapl","Amount":0.521965308695},{"Symbol":"msft","Amount":1.21885259319},{"Symbol":"f","Amount":3.79264532126}]}
Sun Oct 26 15:05:01 GMT 2014 {"Portfolio":[{"Symbol":"aapl","Amount":0.521965308695},{"Symbol":"msft","Amount":1.21885259319},{"Symbol":"f","Amount":3.79264532126}]}
Sun Oct 26 15:50:01 GMT 2014 {"Portfolio":[{"Symbol":"aapl","Amount":0.521965308695},{"Symbol":"msft","Amount":1.21885259319},{"Symbol":"f","Amount":3.79264532126}]}
Sun Oct 26 16:15:03 GMT 2014 {"Portfolio":[{"Symbol":"aapl","Amount":0.521965308695},{"Symbol":"msft","Amount":1.21885259319},{"Symbol":"f","Amount":3.79264532126}]}
Sun Oct 26 16:20:01 GMT 2014 {"Portfolio":[{"Symbol":"aapl","Amount":0.521965308695},{"Symbol":"msft","Amount":1.21885259319},{"Symbol":"f","Amount":3.79264532126}]}
Sun Oct 26 16:25:01 GMT 2014 {"Portfolio":[{"Symbol":"aapl","Amount":0.521965308695},{"Symbol":"msft","Amount":1.21885259319},{"Symbol":"f","Amount":3.79264532126}]}
Sun Oct 26 16:30:01 GMT 2014 {"Portfolio":[{"Symbol":"aapl","Amount":0.521965308695},{"Symbol":"msft","Amount":1.21885259319},{"Symbol":"f","Amount":3.79264532126}]}
Sun Oct 26 16:35:01 GMT 2014 {"Portfolio":[{"Symbol":"aapl","Amount":0.521965308695},{"Symbol":"msft","Amount":1.21885259319},{"Symbol":"f","Amount":3.79264532126}]}
Sun Oct 26 16:40:00 GMT 2014 {"Portfolio":[{"Symbol":"aapl","Amount":0.521965308695},{"Symbol":"msft","Amount":1.21885259319},{"Symbol":"f","Amount":3.79264532126}]}
Sun Oct 26 16:45:02 GMT 2014 {"Portfolio":[{"Symbol":"aapl","Amount":0.521965308695},{"Symbol":"msft","Amount":1.21885259319},{"Symbol":"f","Amount":3.79264532126}]}
Sun Oct 26 16:50:00 GMT 2014 {"Portfolio":[{"Symbol":"aapl","Amount":0.521965308695},{"Symbol":"msft","Amount":1.21885259319},{"Symbol":"f","Amount":3.79264532126}]}
Sun Oct 26 16:55:02 GMT 2014 {"Portfolio":[{"Symbol":"aapl","Amount":0.521965308695},{"Symbol":"msft","Amount":1.21885259319},{"Symbol":"f","Amount":3.79264532126}]}
Sun Oct 26 17:00:01 GMT 2014 {"Portfolio":[{"Symbol":"aapl","Amount":0.521965308695},{"Symbol":"msft","Amount":1.21885259319},{"Symbol":"f","Amount":3.79264532126}]}
Sun Oct 26 17:05:01 GMT 2014 {"Portfolio":[{"Symbol":"aapl","Amount":0.521965308695},{"Symbol":"msft","Amount":1.21885259319},{"Symbol":"f","Amount":3.79264532126}]}
Sun Oct 26 17:10:04 GMT 2014 {"Portfolio":[{"Symbol":"aapl","Amount":0.521965308695},{"Symbol":"msft","Amount":1.21885259319},{"Symbol":"f","Amount":3.79264532126}]}
Sun Oct 26 18:20:01 GMT 2014 {"Portfolio":[{"Symbol":"aapl","Amount":0.521965308695},{"Symbol":"msft","Amount":1.21885259319},{"Symbol":"f","Amount":3.79264532126}]}
Sun Oct 26 18:25:01 GMT 2014 {"Portfolio":[{"Symbol":"aapl","Amount":0.521965308695},{"Symbol":"msft","Amount":1.21885259319},{"Symbol":"f","Amount":3.79264532126}]}
Sun Oct 26 18:30:01 GMT 2014 {"Portfolio":[{"Symbol":"aapl","Amount":0.521965308695},{"Symbol":"msft","Amount":1.21885259319},{"Symbol":"f","Amount":3.79264532126}]}
Sun Oct 26 18:35:02 GMT 2014 {"Portfolio":[{"Symbol":"aapl","Amount":0.521965308695},{"Symbol":"msft","Amount":1.21885259319},{"Symbol":"f","Amount":3.79264532126}]}
Sun Oct 26 20:05:05 GMT 2014 {"Portfolio":[{"Symbol":"aapl","Amount":0.521965308695},{"Symbol":"msft","Amount":1.21885259319},{"Symbol":"f","Amount":3.79264532126}]}
Sun Oct 26 20:10:00 GMT 2014 {"Portfolio":[{"Symbol":"aapl","Amount":0.521965308695},{"Symbol":"msft","Amount":1.21885259319},{"Symbol":"f","Amount":3.79264532126}]}
Sun Oct 26 20:15:01 GMT 2014 {"Portfolio":[{"Symbol":"aapl","Amount":0.521965308695},{"Symbol":"msft","Amount":1.21885259319},{"Symbol":"f","Amount":3.79264532126}]}
Sun Oct 26 20:20:01 GMT 2014 {"Portfolio":[{"Symbol":"aapl","Amount":0.521965308695},{"Symbol":"msft","Amount":1.21885259319},{"Symbol":"f","Amount":3.79264532126}]}
Sun Oct 26 20:25:02 GMT 2014 {"Portfolio":[{"Symbol":"aapl","Amount":0.521965308695},{"Symbol":"msft","Amount":1.21885259319},{"Symbol":"f","Amount":3.79264532126}]}
Sun Oct 26 20:30:38 GMT 2014 {"Portfolio":[{"Symbol":"aapl","Amount":0.521965308695},{"Symbol":"msft","Amount":1.21885259319},{"Symbol":"f","Amount":3.79264532126}]}
Sun Oct 26 20:35:02 GMT 2014 {"Portfolio":[{"Symbol":"aapl","Amount":0.521965308695},{"Symbol":"msft","Amount":1.21885259319},{"Symbol":"f","Amount":3.79264532126}]}
Sun Oct 26 20:44:48 GMT 2014 {"Portfolio":[{"Symbol":"aapl","Amount":0.521965308695},{"Symbol":"msft","Amount":1.21885259319},{"Symbol":"f","Amount":3.79264532126}]}
Sun Oct 26 20:45:00 GMT 2014 {"Portfolio":[{"Symbol":"aapl","Amount":0.521965308695},{"Symbol":"msft","Amount":1.21885259319},{"Symbol":"f","Amount":3.79264532126}]}
Sun Oct 26 20:50:09 GMT 2014 {"Portfolio":[{"Symbol":"aapl","Amount":0.521965308695},{"Symbol":"msft","Amount":1.21885259319},{"Symbol":"f","Amount":3.79264532126}]}
Sun Oct 26 20:55:00 GMT 2014 {"Portfolio":[{"Symbol":"aapl","Amount":0.521965308695},{"Symbol":"msft","Amount":1.21885259319},{"Symbol":"f","Amount":3.79264532126}]}
Sun Oct 26 21:00:01 GMT 2014 {"Portfolio":[{"Symbol":"aapl","Amount":0.521965308695},{"Symbol":"msft","Amount":1.21885259319},{"Symbol":"f","Amount":3.79264532126}]}
Sun Oct 26 21:05:01 GMT 2014 {"Portfolio":[{"Symbol":"aapl","Amount":0.521965308695},{"Symbol":"msft","Amount":1.21885259319},{"Symbol":"f","Amount":3.79264532126}]}
Sun Oct 26 21:10:01 GMT 2014 {"Portfolio":[{"Symbol":"aapl","Amount":0.521965308695},{"Symbol":"msft","Amount":1.21885259319},{"Symbol":"f","Amount":3.79264532126}]}
Sun Oct 26 21:15:02 GMT 2014 {"Portfolio":[{"Symbol":"aapl","Amount":0.521965308695},{"Symbol":"msft","Amount":1.21885259319},{"Symbol":"f","Amount":3.79264532126}]}
Sun Oct 26 21:20:02 GMT 2014 {"Portfolio":[{"Symbol":"aapl","Amount":0.521965308695},{"Symbol":"msft","Amount":1.21885259319},{"Symbol":"f","Amount":3.79264532126}]}
Sun Oct 26 21:25:01 GMT 2014 {"Portfolio":[{"Symbol":"aapl","Amount":0.521965308695},{"Symbol":"msft","Amount":1.21885259319},{"Symbol":"f","Amount":3.79264532126}]}
Sun Oct 26 21:30:03 GMT 2014 {"Portfolio":[{"Symbol":"aapl","Amount":0.521965308695},{"Symbol":"msft","Amount":1.21885259319},{"Symbol":"f","Amount":3.79264532126}]}
Sun Oct 26 21:35:01 GMT 2014 {"Portfolio":[{"Symbol":"aapl","Amount":0.521965308695},{"Symbol":"msft","Amount":1.21885259319},{"Symbol":"f","Amount":3.79264532126}]}
Sun Oct 26 21:40:03 GMT 2014 {"Portfolio":[{"Symbol":"aapl","Amount":0.521965308695},{"Symbol":"msft","Amount":1.21885259319},{"Symbol":"f","Amount":3.79264532126}]}
Sun Oct 26 21:45:02 GMT 2014 {"Portfolio":[{"Symbol":"aapl","Amount":0.521965308695},{"Symbol":"msft","Amount":1.21885259319},{"Symbol":"f","Amount":3.79264532126}]}
Sun Oct 26 21:50:02 GMT 2014 {"Portfolio":[{"Symbol":"aapl","Amount":0.521965308695},{"Symbol":"msft","Amount":1.21885259319},{"Symbol":"f","Amount":3.79264532126}]}
Sun Oct 26 21:55:00 GMT 2014 {"Portfolio":[{"Symbol":"aapl","Amount":0.521965308695},{"Symbol":"msft","Amount":1.21885259319},{"Symbol":"f","Amount":3.79264532126}]}
Sun Oct 26 22:00:02 GMT 2014 {"Portfolio":[{"Symbol":"aapl","Amount":0.521965308695},{"Symbol":"msft","Amount":1.21885259319},{"Symbol":"f","Amount":3.79264532126}]}
Sun Oct 26 22:05:01 GMT 2014 {"Portfolio":[{"Symbol":"aapl","Amount":0.521965308695},{"Symbol":"msft","Amount":1.21885259319},{"Symbol":"f","Amount":3.79264532126}]}
Sun Oct 26 22:10:02 GMT 2014 {"Portfolio":[{"Symbol":"aapl","Amount":0.521965308695},{"Symbol":"msft","Amount":1.21885259319},{"Symbol":"f","Amount":3.79264532126}]}
Mon Oct 27 13:35:00 GMT 2014 {"Portfolio":[{"Symbol":"aapl","Amount":0.521965308695},{"Symbol":"msft","Amount":1.21885259319},{"Symbol":"f","Amount":3.79264532126}]}
Mon Oct 27 13:40:01 GMT 2014 {"Portfolio":[{"Symbol":"aapl","Amount":0.521965308695},{"Symbol":"msft","Amount":1.21885259319},{"Symbol":"f","Amount":3.79264532126}]}
Mon Oct 27 13:45:01 GMT 2014 {"Portfolio":[{"Symbol":"aapl","Amount":0.521965308695},{"Symbol":"msft","Amount":1.21885259319},{"Symbol":"f","Amount":3.79264532126}]}
Mon Oct 27 13:50:01 GMT 2014 {"Portfolio":[{"Symbol":"aapl","Amount":0.521965308695},{"Symbol":"msft","Amount":1.21885259319},{"Symbol":"f","Amount":3.79264532126}]}
Mon Oct 27 13:55:01 GMT 2014 {"Portfolio":[{"Symbol":"aapl","Amount":0.521965308695},{"Symbol":"msft","Amount":1.21885259319},{"Symbol":"f","Amount":3.79264532126}]}
Mon Oct 27 14:15:02 GMT 2014 {"Portfolio":[{"Symbol":"aapl","Amount":0.521965308695},{"Symbol":"msft","Amount":1.21885259319},{"Symbol":"f","Amount":3.79264532126}]}
Mon Oct 27 14:20:01 GMT 2014 {"Portfolio":[{"Symbol":"aapl","Amount":0.521965308695},{"Symbol":"msft","Amount":1.21885259319},{"Symbol":"f","Amount":3.79264532126}]}
Mon Oct 27 14:25:01 GMT 2014 {"Portfolio":[{"Symbol":"aapl","Amount":0.521965308695},{"Symbol":"msft","Amount":1.21885259319},{"Symbol":"f","Amount":3.79264532126}]}
Mon Oct 27 14:30:01 GMT 2014 {"Portfolio":[{"Symbol":"aapl","Amount":0.521965308695},{"Symbol":"msft","Amount":1.21885259319},{"Symbol":"f","Amount":3.79264532126}]}
Mon Oct 27 14:35:01 GMT 2014 {"Portfolio":[{"Symbol":"aapl","Amount":0.521965308695},{"Symbol":"msft","Amount":1.21885259319},{"Symbol":"f","Amount":3.79264532126}]}
Mon Oct 27 14:40:01 GMT 2014 {"Portfolio":[{"Symbol":"aapl","Amount":0.521965308695},{"Symbol":"msft","Amount":1.21885259319},{"Symbol":"f","Amount":3.79264532126}]}
Mon Oct 27 14:45:01 GMT 2014 {"Portfolio":[{"Symbol":"aapl","Amount":0.521965308695},{"Symbol":"msft","Amount":1.21885259319},{"Symbol":"f","Amount":3.79264532126}]}
Mon Oct 27 14:50:01 GMT 2014 {"Portfolio":[{"Symbol":"aapl","Amount":0.521965308695},{"Symbol":"msft","Amount":1.21885259319},{"Symbol":"f","Amount":3.79264532126}]}
Mon Oct 27 14:55:01 GMT 2014 {"Portfolio":[{"Symbol":"aapl","Amount":0.521965308695},{"Symbol":"msft","Amount":1.21885259319},{"Symbol":"f","Amount":3.79264532126}]}
Mon Oct 27 15:00:02 GMT 2014 {"Portfolio":[{"Symbol":"aapl","Amount":0.521965308695},{"Symbol":"msft","Amount":1.21885259319},{"Symbol":"f","Amount":3.79264532126}]}
Mon Oct 27 15:05:01 GMT 2014 {"Portfolio":[{"Symbol":"aapl","Amount":0.521965308695},{"Symbol":"msft","Amount":1.21885259319},{"Symbol":"f","Amount":3.79264532126}]}
Mon Oct 27 15:25:00 GMT 2014 {"Portfolio":[{"Symbol":"aapl","Amount":0.521965308695},{"Symbol":"msft","Amount":1.21885259319},{"Symbol":"f","Amount":3.79264532126}]}
Mon Oct 27 15:30:01 GMT 2014 {"Portfolio":[{"Symbol":"aapl","Amount":0.521965308695},{"Symbol":"msft","Amount":1.21885259319},{"Symbol":"f","Amount":3.79264532126}]}
Mon Oct 27 15:35:01 GMT 2014 {"Portfolio":[{"Symbol":"aapl","Amount":0.521965308695},{"Symbol":"msft","Amount":1.21885259319},{"Symbol":"f","Amount":3.79264532126}]}
Mon Oct 27 15:40:01 GMT 2014 {"Portfolio":[{"Symbol":"aapl","Amount":0.521965308695},{"Symbol":"msft","Amount":1.21885259319},{"Symbol":"f","Amount":3.79264532126}]}
Mon Oct 27 15:45:01 GMT 2014 {"Portfolio":[{"Symbol":"aapl","Amount":0.521965308695},{"Symbol":"msft","Amount":1.21885259319},{"Symbol":"f","Amount":3.79264532126}]}
Mon Oct 27 15:50:01 GMT 2014 {"Portfolio":[{"Symbol":"aapl","Amount":0.521965308695},{"Symbol":"msft","Amount":1.21885259319},{"Symbol":"f","Amount":3.79264532126}]}
Mon Oct 27 15:55:01 GMT 2014 {"Portfolio":[{"Symbol":"aapl","Amount":0.521965308695},{"Symbol":"msft","Amount":1.21885259319},{"Symbol":"f","Amount":3.79264532126}]}
Mon Oct 27 16:20:01 GMT 2014 {"Portfolio":[{"Symbol":"aapl","Amount":0.521965308695},{"Symbol":"msft","Amount":1.21885259319},{"Symbol":"f","Amount":3.79264532126}]}
Mon Oct 27 16:25:01 GMT 2014 {"Portfolio":[{"Symbol":"aapl","Amount":0.521965308695},{"Symbol":"msft","Amount":1.21885259319},{"Symbol":"f","Amount":3.79264532126}]}
Mon Oct 27 16:30:22 GMT 2014 {"Portfolio":[{"Symbol":"aapl","Amount":0.521965308695},{"Symbol":"msft","Amount":1.21885259319},{"Symbol":"f","Amount":3.79264532126}]}
Mon Oct 27 16:35:02 GMT 2014 {"Portfolio":[{"Symbol":"aapl","Amount":0.521965308695},{"Symbol":"msft","Amount":1.21885259319},{"Symbol":"f","Amount":3.79264532126}]}
Mon Oct 27 16:40:00 GMT 2014 {"Portfolio":[{"Symbol":"aapl","Amount":0.521965308695},{"Symbol":"msft","Amount":1.21885259319},{"Symbol":"f","Amount":3.79264532126}]}
Mon Oct 27 16:45:02 GMT 2014 {"Portfolio":[{"Symbol":"aapl","Amount":0.521965308695},{"Symbol":"msft","Amount":1.21885259319},{"Symbol":"f","Amount":3.79264532126}]}
Mon Oct 27 16:50:01 GMT 2014 {"Portfolio":[{"Symbol":"aapl","Amount":0.521965308695},{"Symbol":"msft","Amount":1.21885259319},{"Symbol":"f","Amount":3.79264532126}]}
Mon Oct 27 16:55:01 GMT 2014 {"Portfolio":[{"Symbol":"aapl","Amount":0.521965308695},{"Symbol":"msft","Amount":1.21885259319},{"Symbol":"f","Amount":3.79264532126}]}
Mon Oct 27 18:05:02 GMT 2014 {"Portfolio":[{"Symbol":"aapl","Amount":0.521965308695},{"Symbol":"msft","Amount":1.21885259319},{"Symbol":"f","Amount":3.79264532126}]}
Mon Oct 27 18:10:01 GMT 2014 {"Portfolio":[{"Symbol":"aapl","Amount":0.521965308695},{"Symbol":"msft","Amount":1.21885259319},{"Symbol":"f","Amount":3.79264532126}]}
Mon Oct 27 18:15:01 GMT 2014 {"Portfolio":[{"Symbol":"aapl","Amount":0.521965308695},{"Symbol":"msft","Amount":1.21885259319},{"Symbol":"f","Amount":3.79264532126}]}
Mon Oct 27 18:20:00 GMT 2014 {"Portfolio":[{"Symbol":"aapl","Amount":0.521965308695},{"Symbol":"msft","Amount":1.21885259319},{"Symbol":"f","Amount":3.79264532126}]}
Mon Oct 27 18:25:02 GMT 2014 {"Portfolio":[{"Symbol":"aapl","Amount":0.521965308695},{"Symbol":"msft","Amount":1.21885259319},{"Symbol":"f","Amount":3.79264532126}]}
Mon Oct 27 18:30:00 GMT 2014 {"Portfolio":[{"Symbol":"aapl","Amount":0.521965308695},{"Symbol":"msft","Amount":1.21885259319},{"Symbol":"f","Amount":3.79264532126}]}
Mon Oct 27 18:35:00 GMT 2014 {"Portfolio":[{"Symbol":"aapl","Amount":0.521965308695},{"Symbol":"msft","Amount":1.21885259319},{"Symbol":"f","Amount":3.79264532126}]}
Mon Oct 27 18:40:00 GMT 2014 {"Portfolio":[{"Symbol":"aapl","Amount":0.521965308695},{"Symbol":"msft","Amount":1.21885259319},{"Symbol":"f","Amount":3.79264532126}]}
Mon Oct 27 18:45:01 GMT 2014 {"Portfolio":[{"Symbol":"aapl","Amount":0.521965308695},{"Symbol":"msft","Amount":1.21885259319},{"Symbol":"f","Amount":3.79264532126}]}
Mon Oct 27 19:35:01 GMT 2014 {"Portfolio":[{"Symbol":"aapl","Amount":0.521965308695},{"Symbol":"msft","Amount":1.21885259319},{"Symbol":"f","Amount":3.79264532126}]}
Mon Oct 27 19:40:00 GMT 2014 {"Portfolio":[{"Symbol":"aapl","Amount":0.521965308695},{"Symbol":"msft","Amount":1.21885259319},{"Symbol":"f","Amount":3.79264532126}]}
Mon Oct 27 19:45:01 GMT 2014 {"Portfolio":[{"Symbol":"aapl","Amount":0.521965308695},{"Symbol":"msft","Amount":1.21885259319},{"Symbol":"f","Amount":3.79264532126}]}
Mon Oct 27 19:50:01 GMT 2014 {"Portfolio":[{"Symbol":"aapl","Amount":0.521965308695},{"Symbol":"msft","Amount":1.21885259319},{"Symbol":"f","Amount":3.79264532126}]}
Mon Oct 27 19:55:01 GMT 2014 {"Portfolio":[{"Symbol":"aapl","Amount":0.521965308695},{"Symbol":"msft","Amount":1.21885259319},{"Symbol":"f","Amount":3.79264532126}]}
Mon Oct 27 20:08:09 GMT 2014 {"Portfolio":[{"Symbol":"aapl","Amount":0.521965308695},{"Symbol":"msft","Amount":1.21885259319},{"Symbol":"f","Amount":3.79264532126}]}
Mon Oct 27 20:15:13 GMT 2014 {"Portfolio":[{"Symbol":"aapl","Amount":0.521965308695},{"Symbol":"msft","Amount":1.21885259319},{"Symbol":"f","Amount":3.79264532126}]}
Mon Oct 27 20:20:01 GMT 2014 {"Portfolio":[{"Symbol":"aapl","Amount":0.521965308695},{"Symbol":"msft","Amount":1.21885259319},{"Symbol":"f","Amount":3.79264532126}]}
Mon Oct 27 20:25:02 GMT 2014 {"Portfolio":[{"Symbol":"aapl","Amount":0.521965308695},{"Symbol":"msft","Amount":1.21885259319},{"Symbol":"f","Amount":3.79264532126}]}
Mon Oct 27 20:30:00 GMT 2014 {"Portfolio":[{"Symbol":"aapl","Amount":0.521965308695},{"Symbol":"msft","Amount":1.21885259319},{"Symbol":"f","Amount":3.79264532126}]}
Mon Oct 27 20:35:03 GMT 2014 {"Portfolio":[{"Symbol":"aapl","Amount":0.521965308695},{"Symbol":"msft","Amount":1.21885259319},{"Symbol":"f","Amount":3.79264532126}]}
Mon Oct 27 20:40:00 GMT 2014 {"Portfolio":[{"Symbol":"aapl","Amount":0.521965308695},{"Symbol":"msft","Amount":1.21885259319},{"Symbol":"f","Amount":3.79264532126}]}
Mon Oct 27 20:45:02 GMT 2014 {"Portfolio":[{"Symbol":"aapl","Amount":0.521965308695},{"Symbol":"msft","Amount":1.21885259319},{"Symbol":"f","Amount":3.79264532126}]}
Mon Oct 27 20:50:01 GMT 2014 {"Portfolio":[{"Symbol":"aapl","Amount":0.521965308695},{"Symbol":"msft","Amount":1.21885259319},{"Symbol":"f","Amount":3.79264532126}]}
Mon Oct 27 20:55:01 GMT 2014 {"Portfolio":[{"Symbol":"aapl","Amount":0.521965308695},{"Symbol":"msft","Amount":1.21885259319},{"Symbol":"f","Amount":3.79264532126}]}
Mon Oct 27 21:00:02 GMT 2014 {"Portfolio":[{"Symbol":"aapl","Amount":0.521965308695},{"Symbol":"msft","Amount":1.21885259319},{"Symbol":"f","Amount":3.79264532126}]}
Mon Oct 27 21:05:01 GMT 2014 {"Portfolio":[{"Symbol":"aapl","Amount":0.521965308695},{"Symbol":"msft","Amount":1.21885259319},{"Symbol":"f","Amount":3.79264532126}]}
Mon Oct 27 21:10:02 GMT 2014 {"Portfolio":[{"Symbol":"aapl","Amount":0.521965308695},{"Symbol":"msft","Amount":1.21885259319},{"Symbol":"f","Amount":3.79264532126}]}
Mon Oct 27 21:15:01 GMT 2014 {"Portfolio":[{"Symbol":"aapl","Amount":0.521965308695},{"Symbol":"msft","Amount":1.21885259319},{"Symbol":"f","Amount":3.79264532126}]}
Mon Oct 27 21:20:02 GMT 2014 {"Portfolio":[{"Symbol":"aapl","Amount":0.521965308695},{"Symbol":"msft","Amount":1.21885259319},{"Symbol":"f","Amount":3.79264532126}]}
Mon Oct 27 21:25:01 GMT 2014 {"Portfolio":[{"Symbol":"aapl","Amount":0.521965308695},{"Symbol":"msft","Amount":1.21885259319},{"Symbol":"f","Amount":3.79264532126}]}
Mon Oct 27 21:30:02 GMT 2014 {"Portfolio":[{"Symbol":"aapl","Amount":0.521965308695},{"Symbol":"msft","Amount":1.21885259319},{"Symbol":"f","Amount":3.79264532126}]}
Mon Oct 27 21:35:03 GMT 2014 {"Portfolio":[{"Symbol":"aapl","Amount":0.521965308695},{"Symbol":"msft","Amount":1.21885259319},{"Symbol":"f","Amount":3.79264532126}]}
Mon Oct 27 21:40:01 GMT 2014 {"Portfolio":[{"Symbol":"aapl","Amount":0.521965308695},{"Symbol":"msft","Amount":1.21885259319},{"Symbol":"f","Amount":3.79264532126}]}
Mon Oct 27 21:45:05 GMT 2014 {"Portfolio":[{"Symbol":"aapl","Amount":0.521965308695},{"Symbol":"msft","Amount":1.21885259319},{"Symbol":"f","Amount":3.79264532126}]}
Mon Oct 27 21:50:01 GMT 2014 {"Portfolio":[{"Symbol":"aapl","Amount":0.521965308695},{"Symbol":"msft","Amount":1.21885259319},{"Symbol":"f","Amount":3.79264532126}]}
Mon Oct 27 21:55:01 GMT 2014 {"Portfolio":[{"Symbol":"aapl","Amount":0.521965308695},{"Symbol":"msft","Amount":1.21885259319},{"Symbol":"f","Amount":3.79264532126}]}
Mon Oct 27 22:00:01 GMT 2014 {"Portfolio":[{"Symbol":"aapl","Amount":0.521965308695},{"Symbol":"msft","Amount":1.21885259319},{"Symbol":"f","Amount":3.79264532126}]}
Mon Oct 27 22:05:02 GMT 2014 {"Portfolio":[{"Symbol":"aapl","Amount":0.521965308695},{"Symbol":"msft","Amount":1.21885259319},{"Symbol":"f","Amount":3.79264532126}]}
Mon Oct 27 22:10:03 GMT 2014 {"Portfolio":[{"Symbol":"aapl","Amount":0.521965308695},{"Symbol":"msft","Amount":1.21885259319},{"Symbol":"f","Amount":3.79264532126}]}
Mon Oct 27 22:15:01 GMT 2014 {"Portfolio":[{"Symbol":"aapl","Amount":0.521965308695},{"Symbol":"msft","Amount":1.21885259319},{"Symbol":"f","Amount":3.79264532126}]}
Mon Oct 27 22:20:01 GMT 2014 {"Portfolio":[{"Symbol":"aapl","Amount":0.521965308695},{"Symbol":"msft","Amount":1.21885259319},{"Symbol":"f","Amount":3.79264532126}]}
Mon Oct 27 22:25:01 GMT 2014 {"Portfolio":[{"Symbol":"aapl","Amount":0.521965308695},{"Symbol":"msft","Amount":1.21885259319},{"Symbol":"f","Amount":3.79264532126}]}
Tue Oct 28 01:15:01 GMT 2014 {"Portfolio":[{"Symbol":"aapl","Amount":0.521965308695},{"Symbol":"msft","Amount":1.21885259319},{"Symbol":"f","Amount":3.79264532126}]}
